<?xml version="1.0" encoding="UTF-8"?>
<testng-results ignored="0" total="1" passed="1" failed="0" skipped="0">
  <reporter-output>
  </reporter-output>
  <suite started-at="2021-12-20T11:52:31 IST" name="Suite" finished-at="2021-12-20T11:52:55 IST" duration-ms="24811">
    <groups>
    </groups>
    <test started-at="2021-12-20T11:52:31 IST" name="tests" finished-at="2021-12-20T11:52:55 IST" duration-ms="24811">
      <class name="TestCases.TestingPage">
        <test-method is-config="true" signature="initialize()[pri:0, instance:TestCases.TestingPage@79f227a9]" started-at="2021-12-20T11:52:31 IST" name="initialize" finished-at="2021-12-20T11:52:40 IST" duration-ms="9904" status="PASS">
          <reporter-output>
          </reporter-output>
        </test-method> <!-- initialize -->
        <test-method signature="selectSection()[pri:0, instance:TestCases.TestingPage@79f227a9]" started-at="2021-12-20T11:52:41 IST" name="selectSection" finished-at="2021-12-20T11:52:55 IST" duration-ms="14804" status="PASS">
          <reporter-output>
          </reporter-output>
        </test-method> <!-- selectSection -->
        <test-method is-config="true" signature="tearDown()[pri:0, instance:TestCases.TestingPage@79f227a9]" started-at="2021-12-20T11:52:56 IST" name="tearDown" finished-at="2021-12-20T11:52:57 IST" duration-ms="498" status="PASS">
          <reporter-output>
          </reporter-output>
        </test-method> <!-- tearDown -->
      </class> <!-- TestCases.TestingPage -->
    </test> <!-- tests -->
  </suite> <!-- Suite -->
</testng-results>
